<?xml version="1.0" encoding="UTF-8"?>
<!-- Generated by org.testng.reporters.JUnitReportReporter -->
<testsuite hostname="DESKTOP-AUC81LG" failures="0" tests="3" name="com.FrameWorkDesign.Test.AutomationMyAccountPageTest" time="10.793" errors="0" timestamp="2020-09-04T18:08:17 IST" skipped="0">
  <testcase classname="com.FrameWorkDesign.Test.AutomationMyAccountPageTest" name="verifyChooseSection" time="2.028"/>
  <system-out/>
  <testcase classname="com.FrameWorkDesign.Test.AutomationMyAccountPageTest" name="verifyAddaddress" time="2.154"/>
  <system-out/>
  <testcase classname="com.FrameWorkDesign.Test.AutomationMyAccountPageTest" name="validateNewAddressAdded" time="6.611"/>
  <system-out/>
</testsuite> <!-- com.FrameWorkDesign.Test.AutomationMyAccountPageTest -->
