<?xml version="1.0" encoding="UTF-8"?>
<!-- Generated by org.testng.reporters.JUnitReportReporter -->
<testsuite hostname="DESKTOP-AUC81LG" failures="0" tests="4" name="com.FrameWorkDesign.Test.DemoQaPagesTest" time="29.201" errors="0" timestamp="2020-08-19T00:59:01 IST" skipped="0">
  <testcase classname="com.FrameWorkDesign.Test.DemoQaPagesTest" name="verfiyurl" time="1.415"/>
  <system-out/>
  <testcase classname="com.FrameWorkDesign.Test.DemoQaPagesTest" name="verifypagetitle" time="0.024"/>
  <system-out/>
  <testcase classname="com.FrameWorkDesign.Test.DemoQaPagesTest" name="verifyFormClick" time="11.407"/>
  <system-out/>
  <testcase classname="com.FrameWorkDesign.Test.DemoQaPagesTest" name="verifyformsumbit" time="16.355"/>
  <system-out/>
</testsuite> <!-- com.FrameWorkDesign.Test.DemoQaPagesTest -->
