<?xml version="1.0" encoding="UTF-8"?>
<!-- Generated by org.testng.reporters.JUnitReportReporter -->
<testsuite hostname="DESKTOP-AUC81LG" failures="0" tests="3" name="com.FrameWorkDesign.Test.AutomationMyAccountPageTest" time="6.737" errors="0" timestamp="2020-09-04T16:52:53 IST" skipped="0">
  <testcase classname="com.FrameWorkDesign.Test.AutomationMyAccountPageTest" name="verifyChooseSection" time="1.516"/>
  <system-out/>
  <testcase classname="com.FrameWorkDesign.Test.AutomationMyAccountPageTest" name="verifyAddaddress" time="1.742"/>
  <system-out/>
  <testcase classname="com.FrameWorkDesign.Test.AutomationMyAccountPageTest" name="validateNewAddressAdded" time="3.479"/>
  <system-out/>
</testsuite> <!-- com.FrameWorkDesign.Test.AutomationMyAccountPageTest -->
